# JRE version: OpenJDK Runtime Environment Temurin-17.0.10+7 (17.0.10+7) (build 17.0.10+7)
# Java VM: OpenJDK 64-Bit Server VM Temurin-17.0.10+7 (17.0.10+7, mixed mode, tiered, compressed oops, compressed class ptrs, parallel gc, linux-amd64)
GC Precious Log:
 CPUs: 8 total, 4 available
 Memory: 7908M
 Large Page Support: Disabled
 NUMA Support: Disabled
 Compressed Oops: Enabled (32-bit)
 Alignments: Space 512K, Generation 512K, Heap 2M
 Heap Min Capacity: 100M
 Heap Initial Capacity: 100M
 Heap Max Capacity: 1G
 Pre-touch: Disabled
 Parallel Workers: 4
Heap:
 PSYoungGen      total 12288K, used 5141K [0x00000000eab00000, 0x00000000ebf00000, 0x0000000100000000)
  eden space 11264K, 37% used [0x00000000eab00000,0x00000000eaf2c578,0x00000000eb600000)
  from space 1024K, 84% used [0x00000000ebe00000,0x00000000ebed9230,0x00000000ebf00000)
  to   space 1536K, 0% used [0x00000000ebc00000,0x00000000ebc00000,0x00000000ebd80000)
 ParOldGen       total 211968K, used 190146K [0x00000000c0000000, 0x00000000ccf00000, 0x00000000eab00000)
  object space 211968K, 89% used [0x00000000c0000000,0x00000000cb9b0b60,0x00000000ccf00000)
 Metaspace       used 93671K, committed 95232K, reserved 1179648K
  class space    used 9661K, committed 10432K, reserved 1048576K
GC Heap History (20 events):
Event: 542,642 GC heap before
{Heap before GC invocations=1498 (full 58):
 PSYoungGen      total 9216K, used 8788K [0x00000000eab00000, 0x00000000eb600000, 0x0000000100000000)
  eden space 7168K, 100% used [0x00000000eab00000,0x00000000eb200000,0x00000000eb200000)
  from space 2048K, 79% used [0x00000000eb400000,0x00000000eb5950a0,0x00000000eb600000)
  to   space 2048K, 0% used [0x00000000eb200000,0x00000000eb200000,0x00000000eb400000)
 ParOldGen       total 211968K, used 136986K [0x00000000c0000000, 0x00000000ccf00000, 0x00000000eab00000)
  object space 211968K, 64% used [0x00000000c0000000,0x00000000c85c68c0,0x00000000ccf00000)
 Metaspace       used 93647K, committed 95232K, reserved 1179648K
  class space    used 9661K, committed 10432K, reserved 1048576K
}
Event: 542,650 GC heap after
{Heap after GC invocations=1498 (full 58):
 PSYoungGen      total 9216K, used 2041K [0x00000000eab00000, 0x00000000ebb80000, 0x0000000100000000)
  eden space 7168K, 0% used [0x00000000eab00000,0x00000000eab00000,0x00000000eb200000)
  from space 2048K, 99% used [0x00000000eb200000,0x00000000eb3fe6b8,0x00000000eb400000)
  to   space 4096K, 0% used [0x00000000eb780000,0x00000000eb780000,0x00000000ebb80000)
 ParOldGen       total 211968K, used 138631K [0x00000000c0000000, 0x00000000ccf00000, 0x00000000eab00000)
  object space 211968K, 65% used [0x00000000c0000000,0x00000000c8761c28,0x00000000ccf00000)
 Metaspace       used 93647K, committed 95232K, reserved 1179648K
  class space    used 9661K, committed 10432K, reserved 1048576K
}
Event: 542,668 GC heap before
{Heap before GC invocations=1499 (full 58):
 PSYoungGen      total 9216K, used 9163K [0x00000000eab00000, 0x00000000ebb80000, 0x0000000100000000)
  eden space 7168K, 99% used [0x00000000eab00000,0x00000000eb1f4910,0x00000000eb200000)
  from space 2048K, 99% used [0x00000000eb200000,0x00000000eb3fe6b8,0x00000000eb400000)
  to   space 4096K, 0% used [0x00000000eb780000,0x00000000eb780000,0x00000000ebb80000)
 ParOldGen       total 211968K, used 138631K [0x00000000c0000000, 0x00000000ccf00000, 0x00000000eab00000)
  object space 211968K, 65% used [0x00000000c0000000,0x00000000c8761c28,0x00000000ccf00000)
 Metaspace       used 93647K, committed 95232K, reserved 1179648K
  class space    used 9661K, committed 10432K, reserved 1048576K
}
Event: 542,675 GC heap after
{Heap after GC invocations=1499 (full 58):
 PSYoungGen      total 10752K, used 1560K [0x00000000eab00000, 0x00000000eb980000, 0x0000000100000000)
  eden space 8704K, 0% used [0x00000000eab00000,0x00000000eab00000,0x00000000eb380000)
  from space 2048K, 76% used [0x00000000eb780000,0x00000000eb906078,0x00000000eb980000)
  to   space 2560K, 0% used [0x00000000eb480000,0x00000000eb480000,0x00000000eb700000)
 ParOldGen       total 211968K, used 140669K [0x00000000c0000000, 0x00000000ccf00000, 0x00000000eab00000)
  object space 211968K, 66% used [0x00000000c0000000,0x00000000c895f648,0x00000000ccf00000)
 Metaspace       used 93647K, committed 95232K, reserved 1179648K
  class space    used 9661K, committed 10432K, reserved 1048576K
}
Event: 542,699 GC heap before
{Heap before GC invocations=1500 (full 58):
 PSYoungGen      total 10752K, used 10264K [0x00000000eab00000, 0x00000000eb980000, 0x0000000100000000)
  eden space 8704K, 100% used [0x00000000eab00000,0x00000000eb380000,0x00000000eb380000)
  from space 2048K, 76% used [0x00000000eb780000,0x00000000eb906078,0x00000000eb980000)
  to   space 2560K, 0% used [0x00000000eb480000,0x00000000eb480000,0x00000000eb700000)
 ParOldGen       total 211968K, used 140669K [0x00000000c0000000, 0x00000000ccf00000, 0x00000000eab00000)
  object space 211968K, 66% used [0x00000000c0000000,0x00000000c895f648,0x00000000ccf00000)
 Metaspace       used 93647K, committed 95232K, reserved 1179648K
  class space    used 9661K, committed 10432K, reserved 1048576K
}
Event: 542,701 GC heap after
{Heap after GC invocations=1500 (full 58):
 PSYoungGen      total 12288K, used 352K [0x00000000eab00000, 0x00000000eb800000, 0x0000000100000000)
  eden space 9728K, 0% used [0x00000000eab00000,0x00000000eab00000,0x00000000eb480000)
  from space 2560K, 13% used [0x00000000eb480000,0x00000000eb4d8000,0x00000000eb700000)
  to   space 1024K, 0% used [0x00000000eb700000,0x00000000eb700000,0x00000000eb800000)
 ParOldGen       total 211968K, used 142181K [0x00000000c0000000, 0x00000000ccf00000, 0x00000000eab00000)
  object space 211968K, 67% used [0x00000000c0000000,0x00000000c8ad9540,0x00000000ccf00000)
 Metaspace       used 93647K, committed 95232K, reserved 1179648K
  class space    used 9661K, committed 10432K, reserved 1048576K
}
Event: 542,731 GC heap before
{Heap before GC invocations=1501 (full 58):
 PSYoungGen      total 12288K, used 10078K [0x00000000eab00000, 0x00000000eb800000, 0x0000000100000000)
  eden space 9728K, 99% used [0x00000000eab00000,0x00000000eb47f938,0x00000000eb480000)
  from space 2560K, 13% used [0x00000000eb480000,0x00000000eb4d8000,0x00000000eb700000)
  to   space 1024K, 0% used [0x00000000eb700000,0x00000000eb700000,0x00000000eb800000)
 ParOldGen       total 211968K, used 142181K [0x00000000c0000000, 0x00000000ccf00000, 0x00000000eab00000)
  object space 211968K, 67% used [0x00000000c0000000,0x00000000c8ad9540,0x00000000ccf00000)
 Metaspace       used 93647K, committed 95232K, reserved 1179648K
  class space    used 9661K, committed 10432K, reserved 1048576K
}
Event: 542,733 GC heap after
{Heap after GC invocations=1501 (full 58):
 PSYoungGen      total 12288K, used 699K [0x00000000eab00000, 0x00000000eb800000, 0x0000000100000000)
  eden space 11264K, 0% used [0x00000000eab00000,0x00000000eab00000,0x00000000eb600000)
  from space 1024K, 68% used [0x00000000eb700000,0x00000000eb7aec98,0x00000000eb800000)
  to   space 1024K, 0% used [0x00000000eb600000,0x00000000eb600000,0x00000000eb700000)
 ParOldGen       total 211968K, used 142512K [0x00000000c0000000, 0x00000000ccf00000, 0x00000000eab00000)
  object space 211968K, 67% used [0x00000000c0000000,0x00000000c8b2c200,0x00000000ccf00000)
 Metaspace       used 93647K, committed 95232K, reserved 1179648K
  class space    used 9661K, committed 10432K, reserved 1048576K
}
Event: 542,770 GC heap before
{Heap before GC invocations=1502 (full 58):
 PSYoungGen      total 12288K, used 11963K [0x00000000eab00000, 0x00000000eb800000, 0x0000000100000000)
  eden space 11264K, 100% used [0x00000000eab00000,0x00000000eb600000,0x00000000eb600000)
  from space 1024K, 68% used [0x00000000eb700000,0x00000000eb7aec98,0x00000000eb800000)
  to   space 1024K, 0% used [0x00000000eb600000,0x00000000eb600000,0x00000000eb700000)
 ParOldGen       total 211968K, used 142512K [0x00000000c0000000, 0x00000000ccf00000, 0x00000000eab00000)
  object space 211968K, 67% used [0x00000000c0000000,0x00000000c8b2c200,0x00000000ccf00000)
 Metaspace       used 93651K, committed 95232K, reserved 1179648K
  class space    used 9661K, committed 10432K, reserved 1048576K
}
Event: 542,775 GC heap after
{Heap after GC invocations=1502 (full 58):
 PSYoungGen      total 12288K, used 1020K [0x00000000eab00000, 0x00000000ebd00000, 0x0000000100000000)
  eden space 11264K, 0% used [0x00000000eab00000,0x00000000eab00000,0x00000000eb600000)
  from space 1024K, 99% used [0x00000000eb600000,0x00000000eb6ff210,0x00000000eb700000)
  to   space 2560K, 0% used [0x00000000eba80000,0x00000000eba80000,0x00000000ebd00000)
 ParOldGen       total 211968K, used 143567K [0x00000000c0000000, 0x00000000ccf00000, 0x00000000eab00000)
  object space 211968K, 67% used [0x00000000c0000000,0x00000000c8c33e80,0x00000000ccf00000)
 Metaspace       used 93651K, committed 95232K, reserved 1179648K
  class space    used 9661K, committed 10432K, reserved 1048576K
}
Event: 543,313 GC heap before
{Heap before GC invocations=1503 (full 58):
 PSYoungGen      total 12288K, used 12284K [0x00000000eab00000, 0x00000000ebd00000, 0x0000000100000000)
  eden space 11264K, 99% used [0x00000000eab00000,0x00000000eb5ffff8,0x00000000eb600000)
  from space 1024K, 99% used [0x00000000eb600000,0x00000000eb6ff210,0x00000000eb700000)
  to   space 2560K, 0% used [0x00000000eba80000,0x00000000eba80000,0x00000000ebd00000)
 ParOldGen       total 211968K, used 143567K [0x00000000c0000000, 0x00000000ccf00000, 0x00000000eab00000)
  object space 211968K, 67% used [0x00000000c0000000,0x00000000c8c33e80,0x00000000ccf00000)
 Metaspace       used 93653K, committed 95232K, reserved 1179648K
  class space    used 9661K, committed 10432K, reserved 1048576K
}
Event: 543,317 GC heap after
{Heap after GC invocations=1503 (full 58):
 PSYoungGen      total 12800K, used 1210K [0x00000000eab00000, 0x00000000ebc00000, 0x0000000100000000)
  eden space 11264K, 0% used [0x00000000eab00000,0x00000000eab00000,0x00000000eb600000)
  from space 1536K, 78% used [0x00000000eba80000,0x00000000ebbae940,0x00000000ebc00000)
  to   space 1536K, 0% used [0x00000000eb900000,0x00000000eb900000,0x00000000eba80000)
 ParOldGen       total 211968K, used 144532K [0x00000000c0000000, 0x00000000ccf00000, 0x00000000eab00000)
  object space 211968K, 68% used [0x00000000c0000000,0x00000000c8d250a0,0x00000000ccf00000)
 Metaspace       used 93653K, committed 95232K, reserved 1179648K
  class space    used 9661K, committed 10432K, reserved 1048576K
}
Event: 543,794 GC heap before
{Heap before GC invocations=1504 (full 58):
 PSYoungGen      total 12800K, used 12474K [0x00000000eab00000, 0x00000000ebc00000, 0x0000000100000000)
  eden space 11264K, 100% used [0x00000000eab00000,0x00000000eb600000,0x00000000eb600000)
  from space 1536K, 78% used [0x00000000eba80000,0x00000000ebbae940,0x00000000ebc00000)
  to   space 1536K, 0% used [0x00000000eb900000,0x00000000eb900000,0x00000000eba80000)
 ParOldGen       total 211968K, used 144532K [0x00000000c0000000, 0x00000000ccf00000, 0x00000000eab00000)
  object space 211968K, 68% used [0x00000000c0000000,0x00000000c8d250a0,0x00000000ccf00000)
 Metaspace       used 93662K, committed 95232K, reserved 1179648K
  class space    used 9661K, committed 10432K, reserved 1048576K
}
Event: 543,818 GC heap after
{Heap after GC invocations=1504 (full 58):
 PSYoungGen      total 12800K, used 1515K [0x00000000eab00000, 0x00000000ecc00000, 0x0000000100000000)
  eden space 11264K, 0% used [0x00000000eab00000,0x00000000eab00000,0x00000000eb600000)
  from space 1536K, 98% used [0x00000000eb900000,0x00000000eba7aea0,0x00000000eba80000)
  to   space 11264K, 0% used [0x00000000ec100000,0x00000000ec100000,0x00000000ecc00000)
 ParOldGen       total 211968K, used 152476K [0x00000000c0000000, 0x00000000ccf00000, 0x00000000eab00000)
  object space 211968K, 71% used [0x00000000c0000000,0x00000000c94e7180,0x00000000ccf00000)
 Metaspace       used 93662K, committed 95232K, reserved 1179648K
  class space    used 9661K, committed 10432K, reserved 1048576K
}
Event: 543,915 GC heap before
{Heap before GC invocations=1505 (full 58):
 PSYoungGen      total 12800K, used 12772K [0x00000000eab00000, 0x00000000ecc00000, 0x0000000100000000)
  eden space 11264K, 99% used [0x00000000eab00000,0x00000000eb5fe388,0x00000000eb600000)
  from space 1536K, 98% used [0x00000000eb900000,0x00000000eba7aea0,0x00000000eba80000)
  to   space 11264K, 0% used [0x00000000ec100000,0x00000000ec100000,0x00000000ecc00000)
 ParOldGen       total 211968K, used 152476K [0x00000000c0000000, 0x00000000ccf00000, 0x00000000eab00000)
  object space 211968K, 71% used [0x00000000c0000000,0x00000000c94e7180,0x00000000ccf00000)
 Metaspace       used 93662K, committed 95232K, reserved 1179648K
  class space    used 9661K, committed 10432K, reserved 1048576K
}
Event: 543,923 GC heap after
{Heap after GC invocations=1505 (full 58):
 PSYoungGen      total 17408K, used 6120K [0x00000000eab00000, 0x00000000ec700000, 0x0000000100000000)
  eden space 11264K, 0% used [0x00000000eab00000,0x00000000eab00000,0x00000000eb600000)
  from space 6144K, 99% used [0x00000000ec100000,0x00000000ec6fa398,0x00000000ec700000)
  to   space 7680K, 0% used [0x00000000eb800000,0x00000000eb800000,0x00000000ebf80000)
 ParOldGen       total 211968K, used 152524K [0x00000000c0000000, 0x00000000ccf00000, 0x00000000eab00000)
  object space 211968K, 71% used [0x00000000c0000000,0x00000000c94f3180,0x00000000ccf00000)
 Metaspace       used 93662K, committed 95232K, reserved 1179648K
  class space    used 9661K, committed 10432K, reserved 1048576K
}
Event: 544,601 GC heap before
{Heap before GC invocations=1506 (full 58):
 PSYoungGen      total 17408K, used 17384K [0x00000000eab00000, 0x00000000ec700000, 0x0000000100000000)
  eden space 11264K, 99% used [0x00000000eab00000,0x00000000eb5ffec0,0x00000000eb600000)
  from space 6144K, 99% used [0x00000000ec100000,0x00000000ec6fa398,0x00000000ec700000)
  to   space 7680K, 0% used [0x00000000eb800000,0x00000000eb800000,0x00000000ebf80000)
 ParOldGen       total 211968K, used 183244K [0x00000000c0000000, 0x00000000ccf00000, 0x00000000eab00000)
  object space 211968K, 86% used [0x00000000c0000000,0x00000000cb2f31b0,0x00000000ccf00000)
 Metaspace       used 93662K, committed 95232K, reserved 1179648K
  class space    used 9661K, committed 10432K, reserved 1048576K
}
Event: 544,610 GC heap after
{Heap after GC invocations=1506 (full 58):
 PSYoungGen      total 13312K, used 1648K [0x00000000eab00000, 0x00000000ec180000, 0x0000000100000000)
  eden space 11264K, 0% used [0x00000000eab00000,0x00000000eab00000,0x00000000eb600000)
  from space 2048K, 80% used [0x00000000eb800000,0x00000000eb99c010,0x00000000eba00000)
  to   space 3584K, 0% used [0x00000000ebe00000,0x00000000ebe00000,0x00000000ec180000)
 ParOldGen       total 211968K, used 188610K [0x00000000c0000000, 0x00000000ccf00000, 0x00000000eab00000)
  object space 211968K, 88% used [0x00000000c0000000,0x00000000cb830b60,0x00000000ccf00000)
 Metaspace       used 93662K, committed 95232K, reserved 1179648K
  class space    used 9661K, committed 10432K, reserved 1048576K
}
Event: 547,241 GC heap before
{Heap before GC invocations=1507 (full 58):
 PSYoungGen      total 13312K, used 12912K [0x00000000eab00000, 0x00000000ec180000, 0x0000000100000000)
  eden space 11264K, 100% used [0x00000000eab00000,0x00000000eb600000,0x00000000eb600000)
  from space 2048K, 80% used [0x00000000eb800000,0x00000000eb99c010,0x00000000eba00000)
  to   space 3584K, 0% used [0x00000000ebe00000,0x00000000ebe00000,0x00000000ec180000)
 ParOldGen       total 211968K, used 188610K [0x00000000c0000000, 0x00000000ccf00000, 0x00000000eab00000)
  object space 211968K, 88% used [0x00000000c0000000,0x00000000cb830b60,0x00000000ccf00000)
 Metaspace       used 93671K, committed 95232K, reserved 1179648K
  class space    used 9661K, committed 10432K, reserved 1048576K
}
Event: 547,249 GC heap after
{Heap after GC invocations=1507 (full 58):
 PSYoungGen      total 12288K, used 868K [0x00000000eab00000, 0x00000000ebf00000, 0x0000000100000000)
  eden space 11264K, 0% used [0x00000000eab00000,0x00000000eab00000,0x00000000eb600000)
  from space 1024K, 84% used [0x00000000ebe00000,0x00000000ebed9230,0x00000000ebf00000)
  to   space 1536K, 0% used [0x00000000ebc00000,0x00000000ebc00000,0x00000000ebd80000)
 ParOldGen       total 211968K, used 190146K [0x00000000c0000000, 0x00000000ccf00000, 0x00000000eab00000)
  object space 211968K, 89% used [0x00000000c0000000,0x00000000cb9b0b60,0x00000000ccf00000)
 Metaspace       used 93671K, committed 95232K, reserved 1179648K
  class space    used 9661K, committed 10432K, reserved 1048576K
}

