# JRE version: OpenJDK Runtime Environment Temurin-21.0.2+13 (21.0.2+13) (build 21.0.2+13-LTS)
# Java VM: OpenJDK 64-Bit Server VM Temurin-21.0.2+13 (21.0.2+13-LTS, mixed mode, tiered, compressed oops, compressed class ptrs, g1 gc, linux-amd64)
GC Precious Log:
 CardTable entry size: 512
 Card Set container configuration: InlinePtr #cards 5 size 8 Array Of Cards #cards 12 size 40 Howl #buckets 4 coarsen threshold 1843 Howl Bitmap #cards 512 size 80 coarsen threshold 460 Card regions per heap region 1 cards per card region 2048
 CPUs: 8 total, 4 available
 Memory: 7908M
 Large Page Support: Disabled
 NUMA Support: Disabled
 Compressed Oops: Enabled (32-bit)
 Heap Region Size: 1M
 Heap Min Capacity: 8M
 Heap Initial Capacity: 124M
 Heap Max Capacity: 1978M
 Pre-touch: Disabled
 Parallel Workers: 4
 Concurrent Workers: 1
 Concurrent Refinement Workers: 4
 Periodic GC: Disabled
Heap:
 garbage-first heap   total 247808K, used 102994K [0x0000000084600000, 0x0000000100000000)
  region size 1024K, 23 young (23552K), 7 survivors (7168K)
 Metaspace       used 109882K, committed 111296K, reserved 1179648K
  class space    used 13651K, committed 14336K, reserved 1048576K
GC Heap History (20 events):
Event: 100,898 GC heap before
{Heap before GC invocations=39 (full 0):
 garbage-first heap   total 247808K, used 212234K [0x0000000084600000, 0x0000000100000000)
  region size 1024K, 126 young (129024K), 12 survivors (12288K)
 Metaspace       used 103501K, committed 104896K, reserved 1179648K
  class space    used 12926K, committed 13504K, reserved 1048576K
}
Event: 100,933 GC heap after
{Heap after GC invocations=40 (full 0):
 garbage-first heap   total 247808K, used 95667K [0x0000000084600000, 0x0000000100000000)
  region size 1024K, 10 young (10240K), 10 survivors (10240K)
 Metaspace       used 103501K, committed 104896K, reserved 1179648K
  class space    used 12926K, committed 13504K, reserved 1048576K
}
Event: 116,286 GC heap before
{Heap before GC invocations=41 (full 0):
 garbage-first heap   total 247808K, used 211379K [0x0000000084600000, 0x0000000100000000)
  region size 1024K, 125 young (128000K), 10 survivors (10240K)
 Metaspace       used 104146K, committed 105536K, reserved 1179648K
  class space    used 13018K, committed 13632K, reserved 1048576K
}
Event: 116,291 GC heap after
{Heap after GC invocations=42 (full 0):
 garbage-first heap   total 247808K, used 86646K [0x0000000084600000, 0x0000000100000000)
  region size 1024K, 2 young (2048K), 2 survivors (2048K)
 Metaspace       used 104146K, committed 105536K, reserved 1179648K
  class space    used 13018K, committed 13632K, reserved 1048576K
}
Event: 128,704 GC heap before
{Heap before GC invocations=42 (full 0):
 garbage-first heap   total 247808K, used 217718K [0x0000000084600000, 0x0000000100000000)
  region size 1024K, 131 young (134144K), 2 survivors (2048K)
 Metaspace       used 104424K, committed 105728K, reserved 1179648K
  class space    used 13043K, committed 13632K, reserved 1048576K
}
Event: 128,719 GC heap after
{Heap after GC invocations=43 (full 0):
 garbage-first heap   total 247808K, used 89862K [0x0000000084600000, 0x0000000100000000)
  region size 1024K, 9 young (9216K), 9 survivors (9216K)
 Metaspace       used 104424K, committed 105728K, reserved 1179648K
  class space    used 13043K, committed 13632K, reserved 1048576K
}
Event: 157,323 GC heap before
{Heap before GC invocations=43 (full 0):
 garbage-first heap   total 247808K, used 217862K [0x0000000084600000, 0x0000000100000000)
  region size 1024K, 135 young (138240K), 9 survivors (9216K)
 Metaspace       used 104644K, committed 105984K, reserved 1179648K
  class space    used 13050K, committed 13632K, reserved 1048576K
}
Event: 157,334 GC heap after
{Heap after GC invocations=44 (full 0):
 garbage-first heap   total 247808K, used 90355K [0x0000000084600000, 0x0000000100000000)
  region size 1024K, 10 young (10240K), 10 survivors (10240K)
 Metaspace       used 104644K, committed 105984K, reserved 1179648K
  class space    used 13050K, committed 13632K, reserved 1048576K
}
Event: 172,576 GC heap before
{Heap before GC invocations=45 (full 0):
 garbage-first heap   total 247808K, used 217331K [0x0000000084600000, 0x0000000100000000)
  region size 1024K, 135 young (138240K), 10 survivors (10240K)
 Metaspace       used 104768K, committed 106112K, reserved 1179648K
  class space    used 13079K, committed 13696K, reserved 1048576K
}
Event: 172,600 GC heap after
{Heap after GC invocations=46 (full 0):
 garbage-first heap   total 247808K, used 91802K [0x0000000084600000, 0x0000000100000000)
  region size 1024K, 10 young (10240K), 10 survivors (10240K)
 Metaspace       used 104768K, committed 106112K, reserved 1179648K
  class space    used 13079K, committed 13696K, reserved 1048576K
}
Event: 253,863 GC heap before
{Heap before GC invocations=46 (full 0):
 garbage-first heap   total 247808K, used 216730K [0x0000000084600000, 0x0000000100000000)
  region size 1024K, 133 young (136192K), 10 survivors (10240K)
 Metaspace       used 107374K, committed 108736K, reserved 1179648K
  class space    used 13374K, committed 13952K, reserved 1048576K
}
Event: 253,909 GC heap after
{Heap after GC invocations=47 (full 0):
 garbage-first heap   total 247808K, used 88438K [0x0000000084600000, 0x0000000100000000)
  region size 1024K, 8 young (8192K), 8 survivors (8192K)
 Metaspace       used 107374K, committed 108736K, reserved 1179648K
  class space    used 13374K, committed 13952K, reserved 1048576K
}
Event: 264,576 GC heap before
{Heap before GC invocations=47 (full 0):
 garbage-first heap   total 247808K, used 217462K [0x0000000084600000, 0x0000000100000000)
  region size 1024K, 135 young (138240K), 8 survivors (8192K)
 Metaspace       used 107819K, committed 109184K, reserved 1179648K
  class space    used 13400K, committed 14016K, reserved 1048576K
}
Event: 264,609 GC heap after
{Heap after GC invocations=48 (full 0):
 garbage-first heap   total 247808K, used 88934K [0x0000000084600000, 0x0000000100000000)
  region size 1024K, 9 young (9216K), 9 survivors (9216K)
 Metaspace       used 107819K, committed 109184K, reserved 1179648K
  class space    used 13400K, committed 14016K, reserved 1048576K
}
Event: 267,528 GC heap before
{Heap before GC invocations=49 (full 0):
 garbage-first heap   total 247808K, used 216934K [0x0000000084600000, 0x0000000100000000)
  region size 1024K, 134 young (137216K), 9 survivors (9216K)
 Metaspace       used 107455K, committed 109184K, reserved 1179648K
  class space    used 13381K, committed 14016K, reserved 1048576K
}
Event: 267,537 GC heap after
{Heap after GC invocations=50 (full 0):
 garbage-first heap   total 247808K, used 88552K [0x0000000084600000, 0x0000000100000000)
  region size 1024K, 8 young (8192K), 8 survivors (8192K)
 Metaspace       used 107455K, committed 109184K, reserved 1179648K
  class space    used 13381K, committed 14016K, reserved 1048576K
}
Event: 524,407 GC heap before
{Heap before GC invocations=50 (full 0):
 garbage-first heap   total 247808K, used 222696K [0x0000000084600000, 0x0000000100000000)
  region size 1024K, 140 young (143360K), 8 survivors (8192K)
 Metaspace       used 109518K, committed 110848K, reserved 1179648K
  class space    used 13634K, committed 14272K, reserved 1048576K
}
Event: 524,438 GC heap after
{Heap after GC invocations=51 (full 0):
 garbage-first heap   total 247808K, used 90468K [0x0000000084600000, 0x0000000100000000)
  region size 1024K, 12 young (12288K), 12 survivors (12288K)
 Metaspace       used 109518K, committed 110848K, reserved 1179648K
  class space    used 13634K, committed 14272K, reserved 1048576K
}
Event: 610,892 GC heap before
{Heap before GC invocations=51 (full 0):
 garbage-first heap   total 247808K, used 218468K [0x0000000084600000, 0x0000000100000000)
  region size 1024K, 138 young (141312K), 12 survivors (12288K)
 Metaspace       used 109835K, committed 111296K, reserved 1179648K
  class space    used 13651K, committed 14336K, reserved 1048576K
}
Event: 610,905 GC heap after
{Heap after GC invocations=52 (full 0):
 garbage-first heap   total 247808K, used 87634K [0x0000000084600000, 0x0000000100000000)
  region size 1024K, 7 young (7168K), 7 survivors (7168K)
 Metaspace       used 109835K, committed 111296K, reserved 1179648K
  class space    used 13651K, committed 14336K, reserved 1048576K
}

