# JRE version: OpenJDK Runtime Environment (Red_Hat-17.0.8.0.7-1.fc37) (17.0.8+7) (build 17.0.8+7)
# Java VM: OpenJDK 64-Bit Server VM (Red_Hat-17.0.8.0.7-1.fc37) (17.0.8+7, mixed mode, sharing, tiered, compressed oops, compressed class ptrs, g1 gc, linux-amd64)
GC Precious Log:
 CPUs: 8 total, 4 available
 Memory: 7908M
 Large Page Support: Disabled
 NUMA Support: Disabled
 Compressed Oops: Enabled (32-bit)
 Heap Region Size: 1M
 Heap Min Capacity: 8M
 Heap Initial Capacity: 124M
 Heap Max Capacity: 1978M
 Pre-touch: Disabled
 Parallel Workers: 4
 Concurrent Workers: 1
 Concurrent Refinement Workers: 4
 Periodic GC: Disabled
Heap:
 garbage-first heap   total 90112K, used 41964K [0x0000000084600000, 0x0000000100000000)
  region size 1024K, 8 young (8192K), 1 survivors (1024K)
 Metaspace       used 24896K, committed 25088K, reserved 1114112K
  class space    used 2856K, committed 2944K, reserved 1048576K
GC Heap History (12 events):
Event: 41,352 GC heap before
{Heap before GC invocations=0 (full 0):
 garbage-first heap   total 129024K, used 14316K [0x0000000084600000, 0x0000000100000000)
  region size 1024K, 13 young (13312K), 0 survivors (0K)
 Metaspace       used 4274K, committed 4416K, reserved 1114112K
  class space    used 482K, committed 576K, reserved 1048576K
}
Event: 41,360 GC heap after
{Heap after GC invocations=1 (full 0):
 garbage-first heap   total 129024K, used 3585K [0x0000000084600000, 0x0000000100000000)
  region size 1024K, 2 young (2048K), 2 survivors (2048K)
 Metaspace       used 4274K, committed 4416K, reserved 1114112K
  class space    used 482K, committed 576K, reserved 1048576K
}
Event: 46,019 GC heap before
{Heap before GC invocations=1 (full 0):
 garbage-first heap   total 129024K, used 20993K [0x0000000084600000, 0x0000000100000000)
  region size 1024K, 19 young (19456K), 2 survivors (2048K)
 Metaspace       used 6222K, committed 6336K, reserved 1114112K
  class space    used 730K, committed 768K, reserved 1048576K
}
Event: 46,026 GC heap after
{Heap after GC invocations=2 (full 0):
 garbage-first heap   total 129024K, used 4408K [0x0000000084600000, 0x0000000100000000)
  region size 1024K, 1 young (1024K), 1 survivors (1024K)
 Metaspace       used 6222K, committed 6336K, reserved 1114112K
  class space    used 730K, committed 768K, reserved 1048576K
}
Event: 60,081 GC heap before
{Heap before GC invocations=2 (full 0):
 garbage-first heap   total 129024K, used 79160K [0x0000000084600000, 0x0000000100000000)
  region size 1024K, 74 young (75776K), 1 survivors (1024K)
 Metaspace       used 13005K, committed 13120K, reserved 1114112K
  class space    used 1506K, committed 1536K, reserved 1048576K
}
Event: 60,106 GC heap after
{Heap after GC invocations=3 (full 0):
 garbage-first heap   total 129024K, used 12336K [0x0000000084600000, 0x0000000100000000)
  region size 1024K, 9 young (9216K), 9 survivors (9216K)
 Metaspace       used 13005K, committed 13120K, reserved 1114112K
  class space    used 1506K, committed 1536K, reserved 1048576K
}
Event: 64,554 GC heap before
{Heap before GC invocations=3 (full 0):
 garbage-first heap   total 129024K, used 75824K [0x0000000084600000, 0x0000000100000000)
  region size 1024K, 68 young (69632K), 9 survivors (9216K)
 Metaspace       used 21330K, committed 21504K, reserved 1114112K
  class space    used 2462K, committed 2560K, reserved 1048576K
}
Event: 64,577 GC heap after
{Heap after GC invocations=4 (full 0):
 garbage-first heap   total 129024K, used 23315K [0x0000000084600000, 0x0000000100000000)
  region size 1024K, 8 young (8192K), 8 survivors (8192K)
 Metaspace       used 21330K, committed 21504K, reserved 1114112K
  class space    used 2462K, committed 2560K, reserved 1048576K
}
Event: 65,804 GC heap before
{Heap before GC invocations=5 (full 0):
 garbage-first heap   total 89088K, used 66323K [0x0000000084600000, 0x0000000100000000)
  region size 1024K, 51 young (52224K), 8 survivors (8192K)
 Metaspace       used 23805K, committed 24064K, reserved 1114112K
  class space    used 2704K, committed 2816K, reserved 1048576K
}
Event: 65,840 GC heap after
{Heap after GC invocations=6 (full 0):
 garbage-first heap   total 90112K, used 33624K [0x0000000084600000, 0x0000000100000000)
  region size 1024K, 7 young (7168K), 7 survivors (7168K)
 Metaspace       used 23805K, committed 24064K, reserved 1114112K
  class space    used 2704K, committed 2816K, reserved 1048576K
}
Event: 65,855 GC heap before
{Heap before GC invocations=6 (full 0):
 garbage-first heap   total 90112K, used 35672K [0x0000000084600000, 0x0000000100000000)
  region size 1024K, 8 young (8192K), 7 survivors (7168K)
 Metaspace       used 23805K, committed 24064K, reserved 1114112K
  class space    used 2704K, committed 2816K, reserved 1048576K
}
Event: 65,867 GC heap after
{Heap after GC invocations=7 (full 0):
 garbage-first heap   total 90112K, used 35820K [0x0000000084600000, 0x0000000100000000)
  region size 1024K, 1 young (1024K), 1 survivors (1024K)
 Metaspace       used 23805K, committed 24064K, reserved 1114112K
  class space    used 2704K, committed 2816K, reserved 1048576K
}

